<?xml version="1.0" encoding="UTF-8"?>
<testsuite xmlns:xsi="http://www.w3.org/2001/XMLSchema-instance" xsi:noNamespaceSchemaLocation="https://maven.apache.org/surefire/maven-surefire-plugin/xsd/surefire-test-report-3.0.xsd" version="3.0" name="com.intland.codebeamer.dashboard.component.widgets.demo.DemoWidgetTest" time="0.048" tests="2" errors="0" skipped="0" failures="0">
  <properties>
[...]
</properties>
  <testcase name="testGreetingKey" classname="com.intland.codebeamer.dashboard.component.widgets.demo.DemoWidgetTest" time="0.032"/>
  <testcase name="testGreetingDefaultValueNotNull" classname="com.intland.codebeamer.dashboard.component.widgets.demo.DemoWidgetTest" time="0.001"/>
</testsuite>